<?xml version="1.0" encoding="UTF-8"?>
<testng-results skipped="0" failed="0" ignored="0" total="0" passed="0">
  <reporter-output>
  </reporter-output>
  <suite name="org.ultimaHoraHackathon.testUtils.AndroidBaseTest" duration-ms="2" started-at="2022-10-28T15:15:04Z" finished-at="2022-10-28T15:15:04Z">
    <groups>
    </groups>
    <test name="Command line test" duration-ms="2" started-at="2022-10-28T15:15:04Z" finished-at="2022-10-28T15:15:04Z">
    </test> <!-- Command line test -->
  </suite> <!-- org.ultimaHoraHackathon.testUtils.AndroidBaseTest -->
</testng-results>
